kotlin version: 2.2.0
error message: java.lang.RuntimeException: Exception while generating code for:
FUN name:setupInitialNotification visibility:private modality:FINAL returnType:kotlin.Unit
  VALUE_PARAMETER kind:DispatchReceiver name:<this> index:0 type:com.example.gymappsas.services.TimerService
  BLOCK_BODY
    CALL 'private final fun createNotificationChannel (): kotlin.Unit declared in com.example.gymappsas.services.TimerService' type=kotlin.Unit origin=null
      ARG <this>: GET_VAR '<this>: com.example.gymappsas.services.TimerService declared in com.example.gymappsas.services.TimerService.setupInitialNotification' type=com.example.gymappsas.services.TimerService origin=IMPLICIT_ARGUMENT
    SET_FIELD 'FIELD PROPERTY_BACKING_FIELD name:notificationBuilder type:androidx.core.app.NotificationCompat.Builder? visibility:private' type=kotlin.Unit origin=null
      receiver: GET_VAR '<this>: com.example.gymappsas.services.TimerService declared in com.example.gymappsas.services.TimerService.setupInitialNotification' type=com.example.gymappsas.services.TimerService origin=IMPLICIT_ARGUMENT
      value: CALL 'public final fun apply <T> (<this>: T of kotlin.StandardKt.apply, block: @[ExtensionFunctionType] kotlin.Function1<T of kotlin.StandardKt.apply, kotlin.Unit>): T of kotlin.StandardKt.apply [inline] declared in kotlin.StandardKt' type=androidx.core.app.NotificationCompat.Builder origin=null
        TYPE_ARG T: androidx.core.app.NotificationCompat.Builder
        ARG <this>: CONSTRUCTOR_CALL 'public constructor <init> (p0: @[NonNull] @[EnhancedNullability] android.content.Context, p1: @[NonNull] @[EnhancedNullability] kotlin.String) declared in androidx.core.app.NotificationCompat.Builder' type=androidx.core.app.NotificationCompat.Builder origin=null
          ARG p0: GET_VAR '<this>: com.example.gymappsas.services.TimerService declared in com.example.gymappsas.services.TimerService.setupInitialNotification' type=com.example.gymappsas.services.TimerService origin=null
          ARG p1: CONST String type=kotlin.String value="timer_channel_id"
        ARG block: BLOCK type=@[ExtensionFunctionType] kotlin.Function1<androidx.core.app.NotificationCompat.Builder, kotlin.Unit> origin=LAMBDA
          COMPOSITE type=kotlin.Unit origin=null
          FUNCTION_REFERENCE 'private final fun setupInitialNotification$lambda$2 ($this$apply: androidx.core.app.NotificationCompat.Builder, this$0: com.example.gymappsas.services.TimerService): kotlin.Unit declared in com.example.gymappsas.services.TimerService' type=@[ExtensionFunctionType] kotlin.Function1<androidx.core.app.NotificationCompat.Builder, kotlin.Unit> origin=INLINE_LAMBDA reflectionTarget=null
            ARG this$0: GET_VAR '<this>: com.example.gymappsas.services.TimerService declared in com.example.gymappsas.services.TimerService.setupInitialNotification' type=com.example.gymappsas.services.TimerService origin=null
    CALL 'public final fun startForeground (p0: kotlin.Int, p1: @[FlexibleNullability] android.app.Notification?): kotlin.Unit [fake_override] declared in com.example.gymappsas.services.TimerService' type=kotlin.Unit origin=null
      ARG <this>: GET_VAR '<this>: com.example.gymappsas.services.TimerService declared in com.example.gymappsas.services.TimerService.setupInitialNotification' type=com.example.gymappsas.services.TimerService origin=IMPLICIT_ARGUMENT
      ARG p0: CONST Int type=kotlin.Int value=143
      ARG p1: CALL 'public open fun build (): @[NonNull] @[EnhancedNullability] android.app.Notification declared in androidx.core.app.NotificationCompat.Builder' type=@[EnhancedNullability] @[NonNull] android.app.Notification origin=null
        ARG <this>: BLOCK type=androidx.core.app.NotificationCompat.Builder origin=FOLDED_ELVIS
          WHEN type=androidx.core.app.NotificationCompat.Builder origin=FOLDED_ELVIS
            BRANCH
              if: COMPOSITE type=kotlin.Boolean origin=null
                VAR IR_TEMPORARY_VARIABLE name:tmp0 type:androidx.core.app.NotificationCompat.Builder? [val]
                  GET_FIELD 'FIELD PROPERTY_BACKING_FIELD name:notificationBuilder type:androidx.core.app.NotificationCompat.Builder? visibility:private' type=androidx.core.app.NotificationCompat.Builder? origin=null
                    receiver: GET_VAR '<this>: com.example.gymappsas.services.TimerService declared in com.example.gymappsas.services.TimerService.setupInitialNotification' type=com.example.gymappsas.services.TimerService origin=IMPLICIT_ARGUMENT
                CALL 'public final fun not (): kotlin.Boolean [operator] declared in kotlin.Boolean' type=kotlin.Boolean origin=null
                  ARG <this>: CALL 'public final fun EQEQ (arg0: kotlin.Any?, arg1: kotlin.Any?): kotlin.Boolean declared in kotlin.internal.ir' type=kotlin.Boolean origin=null
                    ARG arg0: GET_VAR 'val tmp0: androidx.core.app.NotificationCompat.Builder? [val] declared in com.example.gymappsas.services.TimerService.setupInitialNotification' type=androidx.core.app.NotificationCompat.Builder? origin=null
                    ARG arg1: CONST Null type=kotlin.Nothing? value=null
              then: GET_VAR 'val tmp0: androidx.core.app.NotificationCompat.Builder? [val] declared in com.example.gymappsas.services.TimerService.setupInitialNotification' type=androidx.core.app.NotificationCompat.Builder? origin=null
            BRANCH
              if: CONST Boolean type=kotlin.Boolean value=true
              then: BLOCK type=kotlin.Unit origin=null
                CALL 'public final fun throwUninitializedPropertyAccessException (propertyName: kotlin.String): kotlin.Unit declared in kotlin.jvm.internal.Intrinsics' type=kotlin.Unit origin=null
                  ARG propertyName: CONST String type=kotlin.String value="notificationBuilder"

	at org.jetbrains.kotlin.backend.jvm.codegen.FunctionCodegen.generate(FunctionCodegen.kt:50)
	at org.jetbrains.kotlin.backend.jvm.codegen.FunctionCodegen.generate$default(FunctionCodegen.kt:43)
	at org.jetbrains.kotlin.backend.jvm.codegen.ClassCodegen.generateMethodNode(ClassCodegen.kt:422)
	at org.jetbrains.kotlin.backend.jvm.codegen.ClassCodegen.generateMethod(ClassCodegen.kt:439)
	at org.jetbrains.kotlin.backend.jvm.codegen.ClassCodegen.generate(ClassCodegen.kt:164)
	at org.jetbrains.kotlin.backend.jvm.JvmIrCodegenFactory.generateFile(JvmIrCodegenFactory.kt:419)
	at org.jetbrains.kotlin.backend.jvm.JvmIrCodegenFactory.invokeCodegen(JvmIrCodegenFactory.kt:388)
	at org.jetbrains.kotlin.cli.jvm.compiler.KotlinToJVMBytecodeCompiler.runCodegen$cli(KotlinToJVMBytecodeCompiler.kt:432)
	at org.jetbrains.kotlin.cli.pipeline.jvm.JvmBackendPipelinePhase.executePhase(JvmBackendPipelinePhase.kt:95)
	at org.jetbrains.kotlin.cli.pipeline.jvm.JvmBackendPipelinePhase.executePhase(JvmBackendPipelinePhase.kt:36)
	at org.jetbrains.kotlin.cli.pipeline.jvm.JvmBackendPipelinePhase.executePhase(JvmBackendPipelinePhase.kt:29)
	at org.jetbrains.kotlin.cli.pipeline.PipelinePhase.phaseBody(PipelinePhase.kt:68)
	at org.jetbrains.kotlin.cli.pipeline.PipelinePhase.phaseBody(PipelinePhase.kt:58)
	at org.jetbrains.kotlin.config.phaser.NamedCompilerPhase.invoke(CompilerPhase.kt:102)
	at org.jetbrains.kotlin.backend.common.phaser.CompositePhase.invoke(PhaseBuilders.kt:22)
	at org.jetbrains.kotlin.config.phaser.CompilerPhaseKt.invokeToplevel(CompilerPhase.kt:53)
	at org.jetbrains.kotlin.cli.pipeline.AbstractCliPipeline.runPhasedPipeline(AbstractCliPipeline.kt:109)
	at org.jetbrains.kotlin.cli.pipeline.AbstractCliPipeline.execute(AbstractCliPipeline.kt:68)
	at org.jetbrains.kotlin.cli.jvm.K2JVMCompiler.doExecutePhased(K2JVMCompiler.kt:78)
	at org.jetbrains.kotlin.cli.jvm.K2JVMCompiler.doExecutePhased(K2JVMCompiler.kt:44)
	at org.jetbrains.kotlin.cli.common.CLICompiler.execImpl(CLICompiler.kt:90)
	at org.jetbrains.kotlin.cli.common.CLICompiler.exec(CLICompiler.kt:352)
	at org.jetbrains.kotlin.incremental.IncrementalJvmCompilerRunnerBase.runCompiler(IncrementalJvmCompilerRunnerBase.kt:175)
	at org.jetbrains.kotlin.incremental.IncrementalJvmCompilerRunnerBase.runCompiler(IncrementalJvmCompilerRunnerBase.kt:38)
	at org.jetbrains.kotlin.incremental.IncrementalCompilerRunner.doCompile(IncrementalCompilerRunner.kt:504)
	at org.jetbrains.kotlin.incremental.IncrementalCompilerRunner.compileImpl(IncrementalCompilerRunner.kt:421)
	at org.jetbrains.kotlin.incremental.IncrementalCompilerRunner.tryCompileIncrementally$lambda$10$compile(IncrementalCompilerRunner.kt:254)
	at org.jetbrains.kotlin.incremental.IncrementalCompilerRunner.tryCompileIncrementally(IncrementalCompilerRunner.kt:272)
	at org.jetbrains.kotlin.incremental.IncrementalCompilerRunner.compile(IncrementalCompilerRunner.kt:124)
	at org.jetbrains.kotlin.daemon.CompileServiceImplBase.execIncrementalCompiler(CompileServiceImpl.kt:679)
	at org.jetbrains.kotlin.daemon.CompileServiceImplBase.access$execIncrementalCompiler(CompileServiceImpl.kt:93)
	at org.jetbrains.kotlin.daemon.CompileServiceImpl.compile(CompileServiceImpl.kt:1806)
	at java.base/jdk.internal.reflect.DirectMethodHandleAccessor.invoke(Unknown Source)
	at java.base/java.lang.reflect.Method.invoke(Unknown Source)
	at java.rmi/sun.rmi.server.UnicastServerRef.dispatch(Unknown Source)
	at java.rmi/sun.rmi.transport.Transport$1.run(Unknown Source)
	at java.rmi/sun.rmi.transport.Transport$1.run(Unknown Source)
	at java.base/java.security.AccessController.doPrivileged(Unknown Source)
	at java.rmi/sun.rmi.transport.Transport.serviceCall(Unknown Source)
	at java.rmi/sun.rmi.transport.tcp.TCPTransport.handleMessages(Unknown Source)
	at java.rmi/sun.rmi.transport.tcp.TCPTransport$ConnectionHandler.run0(Unknown Source)
	at java.rmi/sun.rmi.transport.tcp.TCPTransport$ConnectionHandler.lambda$run$0(Unknown Source)
	at java.base/java.security.AccessController.doPrivileged(Unknown Source)
	at java.rmi/sun.rmi.transport.tcp.TCPTransport$ConnectionHandler.run(Unknown Source)
	at java.base/java.util.concurrent.ThreadPoolExecutor.runWorker(Unknown Source)
	at java.base/java.util.concurrent.ThreadPoolExecutor$Worker.run(Unknown Source)
	at java.base/java.lang.Thread.run(Unknown Source)
Caused by: java.lang.RuntimeException: Exception while generating code for:
FUN INLINE_LAMBDA name:setupInitialNotification$lambda$2 visibility:private modality:FINAL returnType:kotlin.Unit
  VALUE_PARAMETER kind:ExtensionReceiver name:$this$apply index:0 type:androidx.core.app.NotificationCompat.Builder
  VALUE_PARAMETER BOUND_VALUE_PARAMETER kind:Regular name:this$0 index:1 type:com.example.gymappsas.services.TimerService
  BLOCK_BODY
    VAR name:$i$a$-apply-TimerService$setupInitialNotification$1 type:kotlin.Int [val]
      CONST Int type=kotlin.Int value=0
    COMPOSITE type=kotlin.Unit origin=null
      CALL 'public open fun setSmallIcon (p0: kotlin.Int): @[NonNull] @[EnhancedNullability] androidx.core.app.NotificationCompat.Builder declared in androidx.core.app.NotificationCompat.Builder' type=@[EnhancedNullability] @[NonNull] androidx.core.app.NotificationCompat.Builder origin=null
        ARG <this>: GET_VAR '$this$apply: androidx.core.app.NotificationCompat.Builder declared in com.example.gymappsas.services.TimerService.setupInitialNotification$lambda$2' type=androidx.core.app.NotificationCompat.Builder origin=null
        ARG p0: GET_FIELD 'FIELD IR_EXTERNAL_JAVA_DECLARATION_STUB name:ic_gym_icon type:kotlin.Int visibility:public [static] declared in com.example.gymappsas.R.drawable' type=kotlin.Int superQualifierSymbol=com.example.gymappsas.R.drawable origin=null
      COMPOSITE type=kotlin.Unit origin=null
    COMPOSITE type=kotlin.Unit origin=null
      CALL 'public open fun setContentTitle (p0: @[Nullable] @[EnhancedNullability] kotlin.CharSequence?): @[NonNull] @[EnhancedNullability] androidx.core.app.NotificationCompat.Builder declared in androidx.core.app.NotificationCompat.Builder' type=@[EnhancedNullability] @[NonNull] androidx.core.app.NotificationCompat.Builder origin=null
        ARG <this>: GET_VAR '$this$apply: androidx.core.app.NotificationCompat.Builder declared in com.example.gymappsas.services.TimerService.setupInitialNotification$lambda$2' type=androidx.core.app.NotificationCompat.Builder origin=null
        ARG p0: BLOCK type=kotlin.String origin=FOLDED_ELVIS
          WHEN type=kotlin.String origin=FOLDED_ELVIS
            BRANCH
              if: CALL 'public final fun ANDAND (arg0: kotlin.Boolean, arg1: kotlin.Boolean): kotlin.Boolean declared in kotlin.internal.ir' type=kotlin.Boolean origin=null
                ARG arg0: CALL 'public final fun ANDAND (arg0: kotlin.Boolean, arg1: kotlin.Boolean): kotlin.Boolean declared in kotlin.internal.ir' type=kotlin.Boolean origin=null
                  ARG arg0: COMPOSITE type=kotlin.Boolean origin=null
                    VAR IR_TEMPORARY_VARIABLE name:tmp0_safe_receiver type:com.example.gymappsas.data.db.models.exerciseworkouts.ExerciseWorkout? [val]
                      GET_FIELD 'FIELD PROPERTY_BACKING_FIELD name:currentExerciseWorkout type:com.example.gymappsas.data.db.models.exerciseworkouts.ExerciseWorkout? visibility:private' type=com.example.gymappsas.data.db.models.exerciseworkouts.ExerciseWorkout? origin=null
                        receiver: GET_VAR 'this$0: com.example.gymappsas.services.TimerService declared in com.example.gymappsas.services.TimerService.setupInitialNotification$lambda$2' type=com.example.gymappsas.services.TimerService origin=null
                    CALL 'public final fun not (): kotlin.Boolean [operator] declared in kotlin.Boolean' type=kotlin.Boolean origin=null
                      ARG <this>: CALL 'public final fun EQEQ (arg0: kotlin.Any?, arg1: kotlin.Any?): kotlin.Boolean declared in kotlin.internal.ir' type=kotlin.Boolean origin=null
                        ARG arg0: GET_VAR 'val tmp0_safe_receiver: com.example.gymappsas.data.db.models.exerciseworkouts.ExerciseWorkout? [val] declared in com.example.gymappsas.services.TimerService.setupInitialNotification$lambda$2' type=com.example.gymappsas.data.db.models.exerciseworkouts.ExerciseWorkout? origin=null
                        ARG arg1: CONST Null type=kotlin.Nothing? value=null
                  ARG arg1: COMPOSITE type=kotlin.Boolean origin=null
                    VAR IR_TEMPORARY_VARIABLE name:tmp1_safe_receiver type:com.example.gymappsas.data.db.models.exercises.Exercise [val]
                      CALL 'public final fun <get-exercise> (): com.example.gymappsas.data.db.models.exercises.Exercise declared in com.example.gymappsas.data.db.models.exerciseworkouts.ExerciseWorkout' type=com.example.gymappsas.data.db.models.exercises.Exercise origin=GET_PROPERTY
                        ARG <this>: GET_VAR 'val tmp0_safe_receiver: com.example.gymappsas.data.db.models.exerciseworkouts.ExerciseWorkout? [val] declared in com.example.gymappsas.services.TimerService.setupInitialNotification$lambda$2' type=com.example.gymappsas.data.db.models.exerciseworkouts.ExerciseWorkout? origin=null
                    CALL 'public final fun not (): kotlin.Boolean [operator] declared in kotlin.Boolean' type=kotlin.Boolean origin=null
                      ARG <this>: CALL 'public final fun EQEQ (arg0: kotlin.Any?, arg1: kotlin.Any?): kotlin.Boolean declared in kotlin.internal.ir' type=kotlin.Boolean origin=null
                        ARG arg0: GET_VAR 'val tmp1_safe_receiver: com.example.gymappsas.data.db.models.exercises.Exercise [val] declared in com.example.gymappsas.services.TimerService.setupInitialNotification$lambda$2' type=com.example.gymappsas.data.db.models.exercises.Exercise origin=null
                        ARG arg1: CONST Null type=kotlin.Nothing? value=null
                ARG arg1: COMPOSITE type=kotlin.Boolean origin=null
                  VAR IR_TEMPORARY_VARIABLE name:tmp2_elvis_lhs type:kotlin.String [val]
                    CALL 'public final fun <get-name> (): kotlin.String declared in com.example.gymappsas.data.db.models.exercises.Exercise' type=kotlin.String origin=GET_PROPERTY
                      ARG <this>: GET_VAR 'val tmp1_safe_receiver: com.example.gymappsas.data.db.models.exercises.Exercise [val] declared in com.example.gymappsas.services.TimerService.setupInitialNotification$lambda$2' type=com.example.gymappsas.data.db.models.exercises.Exercise? origin=null
                  CALL 'public final fun not (): kotlin.Boolean [operator] declared in kotlin.Boolean' type=kotlin.Boolean origin=null
                    ARG <this>: CALL 'public final fun EQEQ (arg0: kotlin.Any?, arg1: kotlin.Any?): kotlin.Boolean declared in kotlin.internal.ir' type=kotlin.Boolean origin=null
                      ARG arg0: GET_VAR 'val tmp2_elvis_lhs: kotlin.String [val] declared in com.example.gymappsas.services.TimerService.setupInitialNotification$lambda$2' type=kotlin.String origin=null
                      ARG arg1: CONST Null type=kotlin.Nothing? value=null
              then: GET_VAR 'val tmp2_elvis_lhs: kotlin.String [val] declared in com.example.gymappsas.services.TimerService.setupInitialNotification$lambda$2' type=kotlin.String origin=null
            BRANCH
              if: CONST Boolean type=kotlin.Boolean value=true
              then: CONST String type=kotlin.String value="Workout"
      COMPOSITE type=kotlin.Unit origin=null
    COMPOSITE type=kotlin.Unit origin=null
      CALL 'public open fun setContentText (p0: @[Nullable] @[EnhancedNullability] kotlin.CharSequence?): @[NonNull] @[EnhancedNullability] androidx.core.app.NotificationCompat.Builder declared in androidx.core.app.NotificationCompat.Builder' type=@[EnhancedNullability] @[NonNull] androidx.core.app.NotificationCompat.Builder origin=null
        ARG <this>: GET_VAR '$this$apply: androidx.core.app.NotificationCompat.Builder declared in com.example.gymappsas.services.TimerService.setupInitialNotification$lambda$2' type=androidx.core.app.NotificationCompat.Builder origin=null
        ARG p0: STRING_CONCATENATION type=kotlin.String
          BLOCK type=kotlin.Int? origin=FOLDED_SAFE_CALL
            WHEN type=kotlin.Int? origin=FOLDED_SAFE_CALL
              BRANCH
                if: COMPOSITE type=kotlin.Boolean origin=null
                  VAR IR_TEMPORARY_VARIABLE name:tmp3_safe_receiver type:com.example.gymappsas.data.db.models.exerciseworkouts.ExerciseWorkout? [val]
                    GET_FIELD 'FIELD PROPERTY_BACKING_FIELD name:currentExerciseWorkout type:com.example.gymappsas.data.db.models.exerciseworkouts.ExerciseWorkout? visibility:private' type=com.example.gymappsas.data.db.models.exerciseworkouts.ExerciseWorkout? origin=null
                      receiver: GET_VAR 'this$0: com.example.gymappsas.services.TimerService declared in com.example.gymappsas.services.TimerService.setupInitialNotification$lambda$2' type=com.example.gymappsas.services.TimerService origin=null
                  CALL 'public final fun not (): kotlin.Boolean [operator] declared in kotlin.Boolean' type=kotlin.Boolean origin=null
                    ARG <this>: CALL 'public final fun EQEQ (arg0: kotlin.Any?, arg1: kotlin.Any?): kotlin.Boolean declared in kotlin.internal.ir' type=kotlin.Boolean origin=null
                      ARG arg0: GET_VAR 'val tmp3_safe_receiver: com.example.gymappsas.data.db.models.exerciseworkouts.ExerciseWorkout? [val] declared in com.example.gymappsas.services.TimerService.setupInitialNotification$lambda$2' type=com.example.gymappsas.data.db.models.exerciseworkouts.ExerciseWorkout? origin=null
                      ARG arg1: CONST Null type=kotlin.Nothing? value=null
                then: CALL 'public final fun <get-completedCount> (): kotlin.Int declared in com.example.gymappsas.data.db.models.exerciseworkouts.ExerciseWorkout' type=kotlin.Int origin=GET_PROPERTY
                  ARG <this>: GET_VAR 'val tmp3_safe_receiver: com.example.gymappsas.data.db.models.exerciseworkouts.ExerciseWorkout? [val] declared in com.example.gymappsas.services.TimerService.setupInitialNotification$lambda$2' type=com.example.gymappsas.data.db.models.exerciseworkouts.ExerciseWorkout? origin=null
              BRANCH
                if: CONST Boolean type=kotlin.Boolean value=true
                then: CONST Null type=kotlin.Nothing? value=null
          CONST String type=kotlin.String value=" of "
          BLOCK type=kotlin.Int? origin=FOLDED_SAFE_CALL
            WHEN type=kotlin.Int? origin=FOLDED_SAFE_CALL
              BRANCH
                if: COMPOSITE type=kotlin.Boolean origin=null
                  VAR IR_TEMPORARY_VARIABLE name:tmp4_safe_receiver type:com.example.gymappsas.data.db.models.exerciseworkouts.ExerciseWorkout? [val]
                    GET_FIELD 'FIELD PROPERTY_BACKING_FIELD name:currentExerciseWorkout type:com.example.gymappsas.data.db.models.exerciseworkouts.ExerciseWorkout? visibility:private' type=com.example.gymappsas.data.db.models.exerciseworkouts.ExerciseWorkout? origin=null
                      receiver: GET_VAR 'this$0: com.example.gymappsas.services.TimerService declared in com.example.gymappsas.services.TimerService.setupInitialNotification$lambda$2' type=com.example.gymappsas.services.TimerService origin=null
                  CALL 'public final fun not (): kotlin.Boolean [operator] declared in kotlin.Boolean' type=kotlin.Boolean origin=null
                    ARG <this>: CALL 'public final fun EQEQ (arg0: kotlin.Any?, arg1: kotlin.Any?): kotlin.Boolean declared in kotlin.internal.ir' type=kotlin.Boolean origin=null
                      ARG arg0: GET_VAR 'val tmp4_safe_receiver: com.example.gymappsas.data.db.models.exerciseworkouts.ExerciseWorkout? [val] declared in com.example.gymappsas.services.TimerService.setupInitialNotification$lambda$2' type=com.example.gymappsas.data.db.models.exerciseworkouts.ExerciseWorkout? origin=null
                      ARG arg1: CONST Null type=kotlin.Nothing? value=null
                then: CALL 'public final fun <get-goal> (): kotlin.Int declared in com.example.gymappsas.data.db.models.exerciseworkouts.ExerciseWorkout' type=kotlin.Int origin=GET_PROPERTY
                  ARG <this>: GET_VAR 'val tmp4_safe_receiver: com.example.gymappsas.data.db.models.exerciseworkouts.ExerciseWorkout? [val] declared in com.example.gymappsas.services.TimerService.setupInitialNotification$lambda$2' type=com.example.gymappsas.data.db.models.exerciseworkouts.ExerciseWorkout? origin=null
              BRANCH
                if: CONST Boolean type=kotlin.Boolean value=true
                then: CONST Null type=kotlin.Nothing? value=null
          CONST String type=kotlin.String value=" Sets"
      COMPOSITE type=kotlin.Unit origin=null
    COMPOSITE type=kotlin.Unit origin=null
      CALL 'public open fun setContentIntent (p0: @[Nullable] @[EnhancedNullability] android.app.PendingIntent?): @[NonNull] @[EnhancedNullability] androidx.core.app.NotificationCompat.Builder declared in androidx.core.app.NotificationCompat.Builder' type=@[EnhancedNullability] @[NonNull] androidx.core.app.NotificationCompat.Builder origin=null
        ARG <this>: GET_VAR '$this$apply: androidx.core.app.NotificationCompat.Builder declared in com.example.gymappsas.services.TimerService.setupInitialNotification$lambda$2' type=androidx.core.app.NotificationCompat.Builder origin=null
        ARG p0: CALL 'private final fun getPendingIntent (): android.app.PendingIntent declared in com.example.gymappsas.services.TimerService' type=android.app.PendingIntent origin=null
          ARG <this>: GET_VAR 'this$0: com.example.gymappsas.services.TimerService declared in com.example.gymappsas.services.TimerService.setupInitialNotification$lambda$2' type=com.example.gymappsas.services.TimerService origin=null
      COMPOSITE type=kotlin.Unit origin=null
    CALL 'public open fun setPriority (p0: kotlin.Int): @[NonNull] @[EnhancedNullability] androidx.core.app.NotificationCompat.Builder declared in androidx.core.app.NotificationCompat.Builder' type=kotlin.Unit origin=EQ
      ARG <this>: GET_VAR '$this$apply: androidx.core.app.NotificationCompat.Builder declared in com.example.gymappsas.services.TimerService.setupInitialNotification$lambda$2' type=androidx.core.app.NotificationCompat.Builder origin=null
      ARG p0: CONST Int type=kotlin.Int value=2
    SET_FIELD 'FIELD IR_EXTERNAL_JAVA_DECLARATION_STUB name:visibility type:kotlin.Int visibility:public [final,static] declared in android.R.attr' type=kotlin.Unit superQualifierSymbol=android.R.attr origin=EQ
      value: CONST Int type=kotlin.Int value=1
    COMPOSITE type=kotlin.Unit origin=null
      CALL 'public open fun setOngoing (p0: kotlin.Boolean): @[NonNull] @[EnhancedNullability] androidx.core.app.NotificationCompat.Builder declared in androidx.core.app.NotificationCompat.Builder' type=@[EnhancedNullability] @[NonNull] androidx.core.app.NotificationCompat.Builder origin=null
        ARG <this>: GET_VAR '$this$apply: androidx.core.app.NotificationCompat.Builder declared in com.example.gymappsas.services.TimerService.setupInitialNotification$lambda$2' type=androidx.core.app.NotificationCompat.Builder origin=null
        ARG p0: CONST Boolean type=kotlin.Boolean value=true
      COMPOSITE type=kotlin.Unit origin=null
    COMPOSITE type=kotlin.Unit origin=null
      CALL 'public open fun setOnlyAlertOnce (p0: kotlin.Boolean): @[NonNull] @[EnhancedNullability] androidx.core.app.NotificationCompat.Builder declared in androidx.core.app.NotificationCompat.Builder' type=@[EnhancedNullability] @[NonNull] androidx.core.app.NotificationCompat.Builder origin=null
        ARG <this>: GET_VAR '$this$apply: androidx.core.app.NotificationCompat.Builder declared in com.example.gymappsas.services.TimerService.setupInitialNotification$lambda$2' type=androidx.core.app.NotificationCompat.Builder origin=null
        ARG p0: CONST Boolean type=kotlin.Boolean value=true
      COMPOSITE type=kotlin.Unit origin=null
    COMPOSITE type=kotlin.Unit origin=null
      CALL 'public open fun setAutoCancel (p0: kotlin.Boolean): @[NonNull] @[EnhancedNullability] androidx.core.app.NotificationCompat.Builder declared in androidx.core.app.NotificationCompat.Builder' type=@[EnhancedNullability] @[NonNull] androidx.core.app.NotificationCompat.Builder origin=null
        ARG <this>: GET_VAR '$this$apply: androidx.core.app.NotificationCompat.Builder declared in com.example.gymappsas.services.TimerService.setupInitialNotification$lambda$2' type=androidx.core.app.NotificationCompat.Builder origin=null
        ARG p0: CONST Boolean type=kotlin.Boolean value=false
      COMPOSITE type=kotlin.Unit origin=null
    COMPOSITE type=kotlin.Unit origin=null
      CALL 'public open fun setShowWhen (p0: kotlin.Boolean): @[NonNull] @[EnhancedNullability] androidx.core.app.NotificationCompat.Builder declared in androidx.core.app.NotificationCompat.Builder' type=@[EnhancedNullability] @[NonNull] androidx.core.app.NotificationCompat.Builder origin=null
        ARG <this>: GET_VAR '$this$apply: androidx.core.app.NotificationCompat.Builder declared in com.example.gymappsas.services.TimerService.setupInitialNotification$lambda$2' type=androidx.core.app.NotificationCompat.Builder origin=null
        ARG p0: CONST Boolean type=kotlin.Boolean value=false
      COMPOSITE type=kotlin.Unit origin=null
    WHEN type=kotlin.Unit origin=IF
      BRANCH
        if: CALL 'public final fun greaterOrEqual (arg0: kotlin.Int, arg1: kotlin.Int): kotlin.Boolean declared in kotlin.internal.ir' type=kotlin.Boolean origin=GTEQ
          ARG arg0: GET_FIELD 'FIELD IR_EXTERNAL_JAVA_DECLARATION_STUB name:SDK_INT type:kotlin.Int visibility:public [final,static] declared in android.os.Build.VERSION' type=kotlin.Int superQualifierSymbol=android.os.Build.VERSION origin=null
          ARG arg1: CONST Int type=kotlin.Int value=34
        then: BLOCK type=kotlin.Unit origin=null
          CALL 'public open fun putBoolean (p0: @[EnhancedNullability] kotlin.String?, p1: kotlin.Boolean): kotlin.Unit [fake_override] declared in android.os.Bundle' type=kotlin.Unit origin=null
            ARG <this>: CALL 'public open fun getExtras (): @[NonNull] @[EnhancedNullability] android.os.Bundle declared in androidx.core.app.NotificationCompat.Builder' type=@[EnhancedNullability] @[NonNull] android.os.Bundle origin=GET_PROPERTY
              ARG <this>: GET_VAR '$this$apply: androidx.core.app.NotificationCompat.Builder declared in com.example.gymappsas.services.TimerService.setupInitialNotification$lambda$2' type=androidx.core.app.NotificationCompat.Builder origin=null
            ARG p0: CONST String type=kotlin.String value="android.requestPromotedOngoing"
            ARG p1: CONST Boolean type=kotlin.Boolean value=true

	at org.jetbrains.kotlin.backend.jvm.codegen.FunctionCodegen.generate(FunctionCodegen.kt:50)
	at org.jetbrains.kotlin.backend.jvm.codegen.IrSourceCompilerForInline.generateLambdaBody(IrSourceCompilerForInline.kt:72)
	at org.jetbrains.kotlin.codegen.inline.ExpressionLambda.generateLambdaBody(LambdaInfo.kt:72)
	at org.jetbrains.kotlin.backend.jvm.codegen.IrInlineCodegen.genValueAndPut(IrInlineCodegen.kt:122)
	at org.jetbrains.kotlin.backend.jvm.codegen.ExpressionCodegen.visitCall$handleParameter(ExpressionCodegen.kt:564)
	at org.jetbrains.kotlin.backend.jvm.codegen.ExpressionCodegen.visitCall(ExpressionCodegen.kt:577)
	at org.jetbrains.kotlin.backend.jvm.codegen.ExpressionCodegen.visitCall(ExpressionCodegen.kt:135)
	at org.jetbrains.kotlin.ir.expressions.IrCall.accept(IrCall.kt:24)
	at org.jetbrains.kotlin.backend.jvm.codegen.ExpressionCodegen.visitFieldAccess(ExpressionCodegen.kt:824)
	at org.jetbrains.kotlin.backend.jvm.codegen.ExpressionCodegen.visitFieldAccess(ExpressionCodegen.kt:135)
	at org.jetbrains.kotlin.ir.visitors.IrVisitor.visitSetField(IrVisitor.kt:215)
	at org.jetbrains.kotlin.backend.jvm.codegen.ExpressionCodegen.visitSetField(ExpressionCodegen.kt:858)
	at org.jetbrains.kotlin.backend.jvm.codegen.ExpressionCodegen.visitSetField(ExpressionCodegen.kt:135)
	at org.jetbrains.kotlin.ir.expressions.IrSetField.accept(IrSetField.kt:21)
	at org.jetbrains.kotlin.backend.jvm.codegen.ExpressionCodegen.visitStatementContainer(ExpressionCodegen.kt:527)
	at org.jetbrains.kotlin.backend.jvm.codegen.ExpressionCodegen.visitBlockBody(ExpressionCodegen.kt:532)
	at org.jetbrains.kotlin.backend.jvm.codegen.ExpressionCodegen.visitBlockBody(ExpressionCodegen.kt:135)
	at org.jetbrains.kotlin.ir.expressions.IrBlockBody.accept(IrBlockBody.kt:20)
	at org.jetbrains.kotlin.backend.jvm.codegen.ExpressionCodegen.generate(ExpressionCodegen.kt:233)
	at org.jetbrains.kotlin.backend.jvm.codegen.FunctionCodegen.doGenerate(FunctionCodegen.kt:126)
	at org.jetbrains.kotlin.backend.jvm.codegen.FunctionCodegen.generate(FunctionCodegen.kt:47)
	... 46 more
Caused by: java.lang.AssertionError: access of const val: SET_FIELD 'FIELD IR_EXTERNAL_JAVA_DECLARATION_STUB name:visibility type:kotlin.Int visibility:public [final,static] declared in android.R.attr' type=kotlin.Unit superQualifierSymbol=android.R.attr origin=EQ
  value: CONST Int type=kotlin.Int value=1

	at org.jetbrains.kotlin.backend.jvm.codegen.ExpressionCodegen.visitFieldAccess(ExpressionCodegen.kt:807)
	at org.jetbrains.kotlin.backend.jvm.codegen.ExpressionCodegen.visitFieldAccess(ExpressionCodegen.kt:135)
	at org.jetbrains.kotlin.ir.visitors.IrVisitor.visitSetField(IrVisitor.kt:215)
	at org.jetbrains.kotlin.backend.jvm.codegen.ExpressionCodegen.visitSetField(ExpressionCodegen.kt:858)
	at org.jetbrains.kotlin.backend.jvm.codegen.ExpressionCodegen.visitSetField(ExpressionCodegen.kt:135)
	at org.jetbrains.kotlin.ir.expressions.IrSetField.accept(IrSetField.kt:21)
	at org.jetbrains.kotlin.backend.jvm.codegen.ExpressionCodegen.visitStatementContainer(ExpressionCodegen.kt:527)
	at org.jetbrains.kotlin.backend.jvm.codegen.ExpressionCodegen.visitBlockBody(ExpressionCodegen.kt:532)
	at org.jetbrains.kotlin.backend.jvm.codegen.ExpressionCodegen.visitBlockBody(ExpressionCodegen.kt:135)
	at org.jetbrains.kotlin.ir.expressions.IrBlockBody.accept(IrBlockBody.kt:20)
	at org.jetbrains.kotlin.backend.jvm.codegen.ExpressionCodegen.generate(ExpressionCodegen.kt:233)
	at org.jetbrains.kotlin.backend.jvm.codegen.FunctionCodegen.doGenerate(FunctionCodegen.kt:126)
	at org.jetbrains.kotlin.backend.jvm.codegen.FunctionCodegen.generate(FunctionCodegen.kt:47)
	... 66 more


